<?xml version="1.0" encoding="UTF-8"?>
<testsuite name="com.example.demo.DemoApplicationTests" tests="2" skipped="0" failures="0" errors="0" timestamp="2024-10-28T23:27:49" hostname="LENOVO" time="5.628">
  <properties/>
  <testcase name="contextLoads()" classname="com.example.demo.DemoApplicationTests" time="4.876"/>
  <testcase name="jdbcTest()" classname="com.example.demo.DemoApplicationTests" time="0.749"/>
  <system-out><![CDATA[02:27:34.666 [Test worker] INFO org.springframework.test.context.support.AnnotationConfigContextLoaderUtils -- Could not detect default configuration classes for test class [com.example.demo.DemoApplicationTests]: DemoApplicationTests does not declare any static, non-private, non-final, nested classes annotated with @Configuration.
02:27:35.082 [Test worker] INFO org.springframework.boot.test.context.SpringBootTestContextBootstrapper -- Found @SpringBootConfiguration com.example.demo.DemoApplication for test class com.example.demo.DemoApplicationTests

  .   ____          _            __ _ _
 /\\ / ___'_ __ _ _(_)_ __  __ _ \ \ \ \
( ( )\___ | '_ | '_| | '_ \/ _` | \ \ \ \
 \\/  ___)| |_)| | | | | || (_| |  ) ) ) )
  '  |____| .__|_| |_|_| |_\__, | / / / /
 =========|_|==============|___/=/_/_/_/

 :: Spring Boot ::                (v3.3.4)

2024-10-29T02:27:37.380+03:00  INFO 1492 --- [demo] [    Test worker] com.example.demo.DemoApplicationTests    : Starting DemoApplicationTests using Java 21.0.5 with PID 1492 (started by Александр in C:\Users\Alexander\IdeaProjects\demo)
2024-10-29T02:27:37.380+03:00  INFO 1492 --- [demo] [    Test worker] com.example.demo.DemoApplicationTests    : No active profile set, falling back to 1 default profile: "default"
2024-10-29T02:27:38.943+03:00  INFO 1492 --- [demo] [    Test worker] .s.d.r.c.RepositoryConfigurationDelegate : Multiple Spring Data modules found, entering strict repository configuration mode
2024-10-29T02:27:38.943+03:00  INFO 1492 --- [demo] [    Test worker] .s.d.r.c.RepositoryConfigurationDelegate : Bootstrapping Spring Data JDBC repositories in DEFAULT mode.
2024-10-29T02:27:39.011+03:00  INFO 1492 --- [demo] [    Test worker] .RepositoryConfigurationExtensionSupport : Spring Data JDBC - Could not safely identify store assignment for repository candidate interface com.example.demo.db.TestingRepository; If you want this repository to be a JDBC repository, consider annotating your entities with one of these annotations: org.springframework.data.relational.core.mapping.Table.
2024-10-29T02:27:39.011+03:00  INFO 1492 --- [demo] [    Test worker] .s.d.r.c.RepositoryConfigurationDelegate : Finished Spring Data repository scanning in 57 ms. Found 0 JDBC repository interfaces.
2024-10-29T02:27:39.043+03:00  INFO 1492 --- [demo] [    Test worker] .s.d.r.c.RepositoryConfigurationDelegate : Multiple Spring Data modules found, entering strict repository configuration mode
2024-10-29T02:27:39.043+03:00  INFO 1492 --- [demo] [    Test worker] .s.d.r.c.RepositoryConfigurationDelegate : Bootstrapping Spring Data JPA repositories in DEFAULT mode.
2024-10-29T02:27:39.112+03:00  INFO 1492 --- [demo] [    Test worker] .s.d.r.c.RepositoryConfigurationDelegate : Finished Spring Data repository scanning in 47 ms. Found 1 JPA repository interface.
2024-10-29T02:27:40.180+03:00  INFO 1492 --- [demo] [    Test worker] com.zaxxer.hikari.HikariDataSource       : HikariPool-1 - Starting...
2024-10-29T02:27:40.713+03:00  INFO 1492 --- [demo] [    Test worker] com.zaxxer.hikari.pool.HikariPool        : HikariPool-1 - Added connection conn0: url=jdbc:h2:mem:mydb user=SA
2024-10-29T02:27:40.713+03:00  INFO 1492 --- [demo] [    Test worker] com.zaxxer.hikari.HikariDataSource       : HikariPool-1 - Start completed.
2024-10-29T02:27:42.216+03:00  INFO 1492 --- [demo] [    Test worker] liquibase.changelog                      : Creating database history table with name: PUBLIC.DATABASECHANGELOG
2024-10-29T02:27:42.501+03:00  INFO 1492 --- [demo] [    Test worker] liquibase.changelog                      : Reading from PUBLIC.DATABASECHANGELOG
2024-10-29T02:27:42.648+03:00  INFO 1492 --- [demo] [    Test worker] liquibase.lockservice                    : Successfully acquired change log lock
2024-10-29T02:27:42.648+03:00  INFO 1492 --- [demo] [    Test worker] liquibase.command                        : Using deploymentId: 0158062648
2024-10-29T02:27:42.648+03:00  INFO 1492 --- [demo] [    Test worker] liquibase.changelog                      : Reading from PUBLIC.DATABASECHANGELOG
2024-10-29T02:27:42.716+03:00  INFO 1492 --- [demo] [    Test worker] liquibase.ui                             : Running Changeset: db/changelog/db.changelog-master.xml::1::my_name
2024-10-29T02:27:42.748+03:00  INFO 1492 --- [demo] [    Test worker] liquibase.changelog                      : Table test_table created
2024-10-29T02:27:42.779+03:00  INFO 1492 --- [demo] [    Test worker] liquibase.changelog                      : ChangeSet db/changelog/db.changelog-master.xml::1::my_name ran successfully in 63ms
2024-10-29T02:27:42.817+03:00  INFO 1492 --- [demo] [    Test worker] liquibase.util                           : UPDATE SUMMARY
2024-10-29T02:27:42.817+03:00  INFO 1492 --- [demo] [    Test worker] liquibase.util                           : Run:                          1
2024-10-29T02:27:42.817+03:00  INFO 1492 --- [demo] [    Test worker] liquibase.util                           : Previously run:               0
2024-10-29T02:27:42.817+03:00  INFO 1492 --- [demo] [    Test worker] liquibase.util                           : Filtered out:                 0
2024-10-29T02:27:42.817+03:00  INFO 1492 --- [demo] [    Test worker] liquibase.util                           : -------------------------------
2024-10-29T02:27:42.817+03:00  INFO 1492 --- [demo] [    Test worker] liquibase.util                           : Total change sets:            1
2024-10-29T02:27:42.817+03:00  INFO 1492 --- [demo] [    Test worker] liquibase.util                           : Update summary generated
2024-10-29T02:27:42.837+03:00  INFO 1492 --- [demo] [    Test worker] liquibase.command                        : Update command completed successfully.
2024-10-29T02:27:42.838+03:00  INFO 1492 --- [demo] [    Test worker] liquibase.ui                             : Liquibase: Update has been successful. Rows affected: 1
2024-10-29T02:27:42.841+03:00  INFO 1492 --- [demo] [    Test worker] liquibase.lockservice                    : Successfully released change log lock
2024-10-29T02:27:42.841+03:00  INFO 1492 --- [demo] [    Test worker] liquibase.command                        : Command execution complete
2024-10-29T02:27:43.333+03:00  INFO 1492 --- [demo] [    Test worker] o.hibernate.jpa.internal.util.LogHelper  : HHH000204: Processing PersistenceUnitInfo [name: default]
2024-10-29T02:27:43.585+03:00  INFO 1492 --- [demo] [    Test worker] org.hibernate.Version                    : HHH000412: Hibernate ORM core version 6.5.3.Final
2024-10-29T02:27:43.726+03:00  INFO 1492 --- [demo] [    Test worker] o.h.c.internal.RegionFactoryInitiator    : HHH000026: Second-level cache disabled
2024-10-29T02:27:45.027+03:00  INFO 1492 --- [demo] [    Test worker] o.s.o.j.p.SpringPersistenceUnitInfo      : No LoadTimeWeaver setup: ignoring JPA class transformer
2024-10-29T02:27:45.158+03:00  WARN 1492 --- [demo] [    Test worker] org.hibernate.orm.deprecation            : HHH90000025: H2Dialect does not need to be specified explicitly using 'hibernate.dialect' (remove the property setting and it will be selected by default)
2024-10-29T02:27:47.341+03:00  INFO 1492 --- [demo] [    Test worker] o.h.e.t.j.p.i.JtaPlatformInitiator       : HHH000489: No JTA platform available (set 'hibernate.transaction.jta.platform' to enable JTA platform integration)
2024-10-29T02:27:47.356+03:00  INFO 1492 --- [demo] [    Test worker] j.LocalContainerEntityManagerFactoryBean : Initialized JPA EntityManagerFactory for persistence unit 'default'
2024-10-29T02:27:49.113+03:00  INFO 1492 --- [demo] [    Test worker] com.example.demo.DemoApplicationTests    : Started DemoApplicationTests in 13.298 seconds (process running for 19.229)
1
1
1
1
1
1
1
1
1
1 1 USA 
2 2 France 
3 3 Brazil 
4 4 Italy 
5 5 Canada 
2
]]></system-out>
  <system-err><![CDATA[WARNING: A Java agent has been loaded dynamically (C:\Users\Alexander\.gradle\caches\modules-2\files-2.1\net.bytebuddy\byte-buddy-agent\1.14.19\154da3a65b4f4a909d3e5bdec55d1b2b4cbb6ce1\byte-buddy-agent-1.14.19.jar)
WARNING: If a serviceability tool is in use, please run with -XX:+EnableDynamicAgentLoading to hide this warning
WARNING: If a serviceability tool is not in use, please run with -Djdk.instrument.traceUsage for more information
WARNING: Dynamic loading of agents will be disallowed by default in a future release
]]></system-err>
</testsuite>
